<?xml version="1.0" encoding="utf-8"?><testsuites><testsuite name="pytest" errors="0" failures="0" skipped="0" tests="7" time="0.227" timestamp="2021-09-01T19:37:33.021310" hostname="Pedros-MBP.lan"><testcase classname="tests.super_math.test_example_function" name="test_when_a_and_b_and_c_are_one_result_is_one" time="0.004" /><testcase classname="tests.super_math.test_example_function" name="test_when_c_is_zero_then_result_should_be_zero" time="0.001" /><testcase classname="tests.super_math.test_sum_numbers" name="test_when_a_and_b_are_grater_than_zero_result_is_consistent" time="0.001" /><testcase classname="tests.super_math.test_sum_numbers" name="test_when_a_is_zero_result_is_equal_to_b" time="0.002" /><testcase classname="tests.super_math.test_sum_numbers" name="test_when_b_is_zero_result_is_equal_to_a" time="0.002" /><testcase classname="tests.super_math.test_sum_numbers" name="test_when_a_and_b_are_zero_result_is_zero" time="0.001" /><testcase classname="tests.super_math.test_sum_numbers" name="test_when_a_is_negative_the_result_substracts_from_total" time="0.001" /></testsuite></testsuites>